Connecting to database specified by database.yml
  [1m[36m (0.1ms)[0m  [1mselect sqlite_version(*)[0m
  [1m[35m (44.0ms)[0m  CREATE TABLE "schema_migrations" ("version" varchar(255) NOT NULL) 
  [1m[36m (0.1ms)[0m  [1mPRAGMA index_list("schema_migrations")[0m
  [1m[35m (7.0ms)[0m  CREATE UNIQUE INDEX "unique_schema_migrations" ON "schema_migrations" ("version")
  [1m[36m (0.0ms)[0m  [1mSELECT "schema_migrations"."version" FROM "schema_migrations" [0m
Connecting to database specified by database.yml
  [1m[36m (0.1ms)[0m  [1mselect sqlite_version(*)[0m
  [1m[35m (105.4ms)[0m  CREATE TABLE "schema_migrations" ("version" varchar(255) NOT NULL) 
  [1m[36m (0.1ms)[0m  [1mPRAGMA index_list("schema_migrations")[0m
  [1m[35m (34.4ms)[0m  CREATE UNIQUE INDEX "unique_schema_migrations" ON "schema_migrations" ("version")
  [1m[36m (0.1ms)[0m  [1mSELECT "schema_migrations"."version" FROM "schema_migrations" [0m
Connecting to database specified by database.yml
  [1m[36m (0.3ms)[0m  [1mselect sqlite_version(*)[0m
  [1m[35m (23.9ms)[0m  CREATE TABLE "schema_migrations" ("version" varchar(255) NOT NULL) 
  [1m[36m (0.1ms)[0m  [1mPRAGMA index_list("schema_migrations")[0m
  [1m[35m (6.4ms)[0m  CREATE UNIQUE INDEX "unique_schema_migrations" ON "schema_migrations" ("version")
  [1m[36m (0.2ms)[0m  [1mselect sqlite_version(*)[0m
  [1m[35m (0.1ms)[0m  SELECT "schema_migrations"."version" FROM "schema_migrations" 
Connecting to database specified by database.yml
  [1m[36m (0.1ms)[0m  [1mSELECT "schema_migrations"."version" FROM "schema_migrations" [0m
  [1m[35m (0.1ms)[0m  select sqlite_version(*)
  [1m[36m (10.7ms)[0m  [1mCREATE TABLE "schema_migrations" ("version" varchar(255) NOT NULL) [0m
  [1m[35m (0.1ms)[0m  PRAGMA index_list("schema_migrations")
  [1m[36m (7.6ms)[0m  [1mCREATE UNIQUE INDEX "unique_schema_migrations" ON "schema_migrations" ("version")[0m
  [1m[35m (0.1ms)[0m  SELECT version FROM "schema_migrations"
  [1m[36m (6.7ms)[0m  [1mINSERT INTO "schema_migrations" (version) VALUES ('0')[0m


Started GET "/docs" for 127.0.0.1 at 2012-12-09 00:34:58 -0800
Connecting to database specified by database.yml

ActionController::RoutingError (No route matches [GET] "/docs"):
  actionpack (3.2.5) lib/action_dispatch/middleware/debug_exceptions.rb:21:in `call'
  actionpack (3.2.5) lib/action_dispatch/middleware/show_exceptions.rb:56:in `call'
  railties (3.2.5) lib/rails/rack/logger.rb:26:in `call_app'
  railties (3.2.5) lib/rails/rack/logger.rb:16:in `call'
  actionpack (3.2.5) lib/action_dispatch/middleware/request_id.rb:22:in `call'
  rack (1.4.1) lib/rack/methodoverride.rb:21:in `call'
  rack (1.4.1) lib/rack/runtime.rb:17:in `call'
  activesupport (3.2.5) lib/active_support/cache/strategy/local_cache.rb:72:in `call'
  rack (1.4.1) lib/rack/lock.rb:15:in `call'
  actionpack (3.2.5) lib/action_dispatch/middleware/static.rb:62:in `call'
  railties (3.2.5) lib/rails/engine.rb:479:in `call'
  railties (3.2.5) lib/rails/application.rb:220:in `call'
  rack (1.4.1) lib/rack/content_length.rb:14:in `call'
  railties (3.2.5) lib/rails/rack/log_tailer.rb:17:in `call'
  rack (1.4.1) lib/rack/handler/webrick.rb:59:in `service'
  /home/move/.rvm/rubies/ruby-1.9.3-p194/lib/ruby/1.9.1/webrick/httpserver.rb:138:in `service'
  /home/move/.rvm/rubies/ruby-1.9.3-p194/lib/ruby/1.9.1/webrick/httpserver.rb:94:in `run'
  /home/move/.rvm/rubies/ruby-1.9.3-p194/lib/ruby/1.9.1/webrick/server.rb:191:in `block in start_thread'




Started GET "/docs" for 127.0.0.1 at 2012-12-09 00:39:51 -0800
Connecting to database specified by database.yml

ActionController::RoutingError (uninitialized constant DocsController):
  activesupport (3.2.5) lib/active_support/inflector/methods.rb:229:in `block in constantize'
  activesupport (3.2.5) lib/active_support/inflector/methods.rb:228:in `each'
  activesupport (3.2.5) lib/active_support/inflector/methods.rb:228:in `constantize'
  actionpack (3.2.5) lib/action_dispatch/routing/route_set.rb:69:in `controller_reference'
  actionpack (3.2.5) lib/action_dispatch/routing/route_set.rb:54:in `controller'
  actionpack (3.2.5) lib/action_dispatch/routing/route_set.rb:32:in `call'
  journey (1.0.4) lib/journey/router.rb:68:in `block in call'
  journey (1.0.4) lib/journey/router.rb:56:in `each'
  journey (1.0.4) lib/journey/router.rb:56:in `call'
  actionpack (3.2.5) lib/action_dispatch/routing/route_set.rb:600:in `call'
  actionpack (3.2.5) lib/action_dispatch/middleware/best_standards_support.rb:17:in `call'
  rack (1.4.1) lib/rack/etag.rb:23:in `call'
  rack (1.4.1) lib/rack/conditionalget.rb:25:in `call'
  actionpack (3.2.5) lib/action_dispatch/middleware/head.rb:14:in `call'
  actionpack (3.2.5) lib/action_dispatch/middleware/params_parser.rb:21:in `call'
  actionpack (3.2.5) lib/action_dispatch/middleware/flash.rb:238:in `call'
  rack (1.4.1) lib/rack/session/abstract/id.rb:205:in `context'
  rack (1.4.1) lib/rack/session/abstract/id.rb:200:in `call'
  actionpack (3.2.5) lib/action_dispatch/middleware/cookies.rb:338:in `call'
  activerecord (3.2.5) lib/active_record/query_cache.rb:64:in `call'
  activerecord (3.2.5) lib/active_record/connection_adapters/abstract/connection_pool.rb:473:in `call'
  actionpack (3.2.5) lib/action_dispatch/middleware/callbacks.rb:28:in `block in call'
  activesupport (3.2.5) lib/active_support/callbacks.rb:405:in `_run__1086079401113619398__call__554978943890348247__callbacks'
  activesupport (3.2.5) lib/active_support/callbacks.rb:405:in `__run_callback'
  activesupport (3.2.5) lib/active_support/callbacks.rb:385:in `_run_call_callbacks'
  activesupport (3.2.5) lib/active_support/callbacks.rb:81:in `run_callbacks'
  actionpack (3.2.5) lib/action_dispatch/middleware/callbacks.rb:27:in `call'
  actionpack (3.2.5) lib/action_dispatch/middleware/reloader.rb:65:in `call'
  actionpack (3.2.5) lib/action_dispatch/middleware/remote_ip.rb:31:in `call'
  actionpack (3.2.5) lib/action_dispatch/middleware/debug_exceptions.rb:16:in `call'
  actionpack (3.2.5) lib/action_dispatch/middleware/show_exceptions.rb:56:in `call'
  railties (3.2.5) lib/rails/rack/logger.rb:26:in `call_app'
  railties (3.2.5) lib/rails/rack/logger.rb:16:in `call'
  actionpack (3.2.5) lib/action_dispatch/middleware/request_id.rb:22:in `call'
  rack (1.4.1) lib/rack/methodoverride.rb:21:in `call'
  rack (1.4.1) lib/rack/runtime.rb:17:in `call'
  activesupport (3.2.5) lib/active_support/cache/strategy/local_cache.rb:72:in `call'
  rack (1.4.1) lib/rack/lock.rb:15:in `call'
  actionpack (3.2.5) lib/action_dispatch/middleware/static.rb:62:in `call'
  railties (3.2.5) lib/rails/engine.rb:479:in `call'
  railties (3.2.5) lib/rails/application.rb:220:in `call'
  rack (1.4.1) lib/rack/content_length.rb:14:in `call'
  railties (3.2.5) lib/rails/rack/log_tailer.rb:17:in `call'
  rack (1.4.1) lib/rack/handler/webrick.rb:59:in `service'
  /home/move/.rvm/rubies/ruby-1.9.3-p194/lib/ruby/1.9.1/webrick/httpserver.rb:138:in `service'
  /home/move/.rvm/rubies/ruby-1.9.3-p194/lib/ruby/1.9.1/webrick/httpserver.rb:94:in `run'
  /home/move/.rvm/rubies/ruby-1.9.3-p194/lib/ruby/1.9.1/webrick/server.rb:191:in `block in start_thread'




Started PUT "/saved_resources/add_resources/1" for 127.0.0.1 at 2012-12-09 00:40:57 -0800
Connecting to database specified by database.yml
Processing by SavedResourcesController#add_resources as JSON
  Parameters: {"saved_resources"=>[{"description"=>"This is my first saved Rental resource", "resource_type"=>"Rental", "resource_id"=>"abc-rental-id"}, {"description"=>"This is my first saved Listing resource", "resource_type"=>"Listing", "resource_id"=>"abc-listing-id"}], "member_id"=>"1", "saved_resource"=>{"saved_resources"=>[{"description"=>"This is my first saved Rental resource", "resource_type"=>"Rental", "resource_id"=>"abc-rental-id"}, {"description"=>"This is my first saved Listing resource", "resource_type"=>"Listing", "resource_id"=>"abc-listing-id"}], "format"=>"json", "action"=>"add_resources", "controller"=>"saved_resources", "member_id"=>"1"}}
WARNING: Can't verify CSRF token authenticity
Completed 200 OK in 197ms (Views: 0.4ms | ActiveRecord: 0.0ms)


Started POST "/saved_resources/create" for 127.0.0.1 at 2012-12-09 00:41:38 -0800
Processing by SavedResourcesController#create as JSON
  Parameters: {"member"=>{"member_id"=>1, "saved_resources"=>[{"resource_id"=>"123", "resource_type"=>"Rental", "description"=>"Test resource", "version"=>"1.0", "query_string"=>"beds=1.0&baths=2.9"}]}, "saved_resource"=>{"member"=>{"member_id"=>1, "saved_resources"=>[{"resource_id"=>"123", "resource_type"=>"Rental", "description"=>"Test resource", "version"=>"1.0", "query_string"=>"beds=1.0&baths=2.9"}]}, "format"=>"json", "action"=>"create", "controller"=>"saved_resources"}}
WARNING: Can't verify CSRF token authenticity
Completed 200 OK in 61ms (Views: 0.1ms | ActiveRecord: 0.0ms)


Started PUT "/saved_resources/add_resources/1" for 127.0.0.1 at 2012-12-09 00:41:55 -0800
Processing by SavedResourcesController#add_resources as JSON
  Parameters: {"saved_resources"=>[{"description"=>"This is my first saved Rental resource", "resource_type"=>"Rental", "resource_id"=>"abc-rental-id"}, {"description"=>"This is my first saved Listing resource", "resource_type"=>"Listing", "resource_id"=>"abc-listing-id"}], "member_id"=>"1", "saved_resource"=>{"saved_resources"=>[{"description"=>"This is my first saved Rental resource", "resource_type"=>"Rental", "resource_id"=>"abc-rental-id"}, {"description"=>"This is my first saved Listing resource", "resource_type"=>"Listing", "resource_id"=>"abc-listing-id"}], "format"=>"json", "action"=>"add_resources", "controller"=>"saved_resources", "member_id"=>"1"}}
WARNING: Can't verify CSRF token authenticity
Completed 200 OK in 13ms (Views: 0.4ms | ActiveRecord: 0.0ms)
Connecting to database specified by database.yml
  [1m[36m (0.1ms)[0m  [1mSELECT "schema_migrations"."version" FROM "schema_migrations" [0m
  [1m[35m (0.1ms)[0m  select sqlite_version(*)
  [1m[36m (9.4ms)[0m  [1mCREATE TABLE "schema_migrations" ("version" varchar(255) NOT NULL) [0m
  [1m[35m (0.1ms)[0m  PRAGMA index_list("schema_migrations")
  [1m[36m (7.9ms)[0m  [1mCREATE UNIQUE INDEX "unique_schema_migrations" ON "schema_migrations" ("version")[0m
  [1m[35m (0.1ms)[0m  SELECT version FROM "schema_migrations"
  [1m[36m (7.8ms)[0m  [1mINSERT INTO "schema_migrations" (version) VALUES ('0')[0m


Started POST "/saved_resources/create" for 127.0.0.1 at 2012-12-09 00:54:14 -0800
Connecting to database specified by database.yml
Processing by SavedResourcesController#create as JSON
  Parameters: {"member"=>{"member_id"=>1, "saved_resources"=>[{"resource_id"=>"123", "resource_type"=>"Rental", "description"=>"Test resource", "version"=>"1.0", "query_string"=>"beds=1.0&baths=2.9"}]}, "saved_resource"=>{"member"=>{"member_id"=>1, "saved_resources"=>[{"resource_id"=>"123", "resource_type"=>"Rental", "description"=>"Test resource", "version"=>"1.0", "query_string"=>"beds=1.0&baths=2.9"}]}, "format"=>"json", "action"=>"create", "controller"=>"saved_resources"}}
WARNING: Can't verify CSRF token authenticity
Completed 200 OK in 256ms (Views: 0.3ms | ActiveRecord: 0.0ms)
